Determining if the pthread_create exist failed with the following output:
Change Dir: /home/netra/deepCL-roadSeg/source_for_release/joint-freespace-detection/build/CMakeFiles/CMakeTmp

Run Build Command:"/usr/bin/make" "cmTC_9f381/fast"
/usr/bin/make -f CMakeFiles/cmTC_9f381.dir/build.make CMakeFiles/cmTC_9f381.dir/build
make[1]: Entering directory `/home/netra/deepCL-roadSeg/source_for_release/joint-freespace-detection/build/CMakeFiles/CMakeTmp'
Building C object CMakeFiles/cmTC_9f381.dir/CheckSymbolExists.c.o
/usr/bin/cc    -fPIC    -o CMakeFiles/cmTC_9f381.dir/CheckSymbolExists.c.o   -c /home/netra/deepCL-roadSeg/source_for_release/joint-freespace-detection/build/CMakeFiles/CMakeTmp/CheckSymbolExists.c
Linking C executable cmTC_9f381
/usr/local/bin/cmake -E cmake_link_script CMakeFiles/cmTC_9f381.dir/link.txt --verbose=1
/usr/bin/cc  -fPIC     CMakeFiles/cmTC_9f381.dir/CheckSymbolExists.c.o  -o cmTC_9f381 -rdynamic 
CMakeFiles/cmTC_9f381.dir/CheckSymbolExists.c.o: In function `main':
CheckSymbolExists.c:(.text+0x1b): undefined reference to `pthread_create'
collect2: error: ld returned 1 exit status
make[1]: *** [cmTC_9f381] Error 1
make[1]: Leaving directory `/home/netra/deepCL-roadSeg/source_for_release/joint-freespace-detection/build/CMakeFiles/CMakeTmp'
make: *** [cmTC_9f381/fast] Error 2

File /home/netra/deepCL-roadSeg/source_for_release/joint-freespace-detection/build/CMakeFiles/CMakeTmp/CheckSymbolExists.c:
/* */
#include <pthread.h>

int main(int argc, char** argv)
{
  (void)argv;
#ifndef pthread_create
  return ((int*)(&pthread_create))[argc];
#else
  (void)argc;
  return 0;
#endif
}

Determining if the function pthread_create exists in the pthreads failed with the following output:
Change Dir: /home/netra/deepCL-roadSeg/source_for_release/joint-freespace-detection/build/CMakeFiles/CMakeTmp

Run Build Command:"/usr/bin/make" "cmTC_f2f88/fast"
/usr/bin/make -f CMakeFiles/cmTC_f2f88.dir/build.make CMakeFiles/cmTC_f2f88.dir/build
make[1]: Entering directory `/home/netra/deepCL-roadSeg/source_for_release/joint-freespace-detection/build/CMakeFiles/CMakeTmp'
Building C object CMakeFiles/cmTC_f2f88.dir/CheckFunctionExists.c.o
/usr/bin/cc    -fPIC -DCHECK_FUNCTION_EXISTS=pthread_create   -o CMakeFiles/cmTC_f2f88.dir/CheckFunctionExists.c.o   -c /usr/local/share/cmake-3.5/Modules/CheckFunctionExists.c
Linking C executable cmTC_f2f88
/usr/local/bin/cmake -E cmake_link_script CMakeFiles/cmTC_f2f88.dir/link.txt --verbose=1
/usr/bin/cc  -fPIC -DCHECK_FUNCTION_EXISTS=pthread_create    CMakeFiles/cmTC_f2f88.dir/CheckFunctionExists.c.o  -o cmTC_f2f88 -rdynamic -lpthreads 
/usr/bin/ld: cannot find -lpthreads
collect2: error: ld returned 1 exit status
make[1]: *** [cmTC_f2f88] Error 1
make[1]: Leaving directory `/home/netra/deepCL-roadSeg/source_for_release/joint-freespace-detection/build/CMakeFiles/CMakeTmp'
make: *** [cmTC_f2f88/fast] Error 2


